Arguments: 
  D:\SoftWare\nodejs\node.exe D:\SoftWare\Yarn\bin\yarn.js add app1.js

PATH: 
  D:\SoftWare\cmder\vendor\git-for-windows\mingw64\bin;D:\SoftWare\cmder\vendor\git-for-windows\usr\bin;C:\Users\Administrator\bin;C:\Program Files (x86)\Common Files\Oracle\Java\javapath;C:\Program Files (x86)\Intel\iCLS Client;C:\Program Files\Intel\iCLS Client;C:\WINDOWS\system32;C:\WINDOWS;C:\WINDOWS\System32\Wbem;C:\WINDOWS\System32\WindowsPowerShell\v1.0;C:\Program Files (x86)\Intel\Intel(R) Management Engine Components\DAL;C:\Program Files\Intel\Intel(R) Management Engine Components\DAL;C:\Program Files (x86)\Intel\Intel(R) Management Engine Components\IPT;C:\Program Files\Intel\Intel(R) Management Engine Components\IPT;C:\Program Files (x86)\Microsoft SQL Server\100\Tools\Binn;C:\Program Files\Microsoft SQL Server\100\Tools\Binn;C:\Program Files\Microsoft SQL Server\100\DTS\Binn;C:\WINDOWS\System32\OpenSSH;C:\Program Files\Intel\WiFi\bin;C:\Program Files\Common Files\Intel\WirelessCommon;D:\SoftWare\MATLAB\R2018a\runtime\win64;D:\SoftWare\MATLAB\R2018a\bin;D:\SoftWare\mat\runtime\win64;D:\SoftWare\mat\bin;C:\Users\Administrator\Desktop\ffmpeg-20200327-e34157f-win64-static\bin;D:\JAVA\JDK\bin;D:\mysqlinstall\bin;D:\maven\apache-maven-3.3.9\bin;D:\apache-tomcat-8.5.57\bin;D:\SoftWare\Yarn\bin;D:\mysqlinstall\bin;D:\SoftWare\nodejs;D:\SoftWare\anaconda3;D:\SoftWare\anaconda3\Library\mingw-w64\bin;D:\SoftWare\anaconda3\Library\usr\bin;D:\SoftWare\anaconda3\Library\bin;D:\SoftWare\anaconda3\Scripts;C:\Users\Administrator\AppData\Local\Microsoft\WindowsApps;C:\Users\Administrator\AppData\Local\GitHubDesktop\bin;C:\Program Files\Bandizip;D:\SoftWare\Microsoft VS Code\bin;C:\Users\Administrator\AppData\Local\Yarn\bin;C:\Users\Administrator\AppData\Roaming\npm;D:\SoftWare\PyCharm 2020.2.2\bin

Yarn version: 
  1.22.4

Node version: 
  12.18.3

Platform: 
  win32 x64

Trace: 
  Error: https://registry.npm.taobao.org/app1.js: Not found
      at Request.params.callback [as _callback] (D:\SoftWare\Yarn\lib\cli.js:66096:18)
      at Request.self.callback (D:\SoftWare\Yarn\lib\cli.js:140748:22)
      at Request.emit (events.js:315:20)
      at Request.<anonymous> (D:\SoftWare\Yarn\lib\cli.js:141720:10)
      at Request.emit (events.js:315:20)
      at IncomingMessage.<anonymous> (D:\SoftWare\Yarn\lib\cli.js:141642:12)
      at Object.onceWrapper (events.js:421:28)
      at IncomingMessage.emit (events.js:327:22)
      at endReadableNT (_stream_readable.js:1220:12)
      at processTicksAndRejections (internal/process/task_queues.js:84:21)

npm manifest: 
  {
    "name": "MVC",
    "version": "1.0.0",
    "main": "index.js",
    "license": "MIT",
    "dependencies": {
      "jquery": "^3.5.1"
    }
  }

yarn manifest: 
  No manifest

Lockfile: 
  # THIS IS AN AUTOGENERATED FILE. DO NOT EDIT THIS FILE DIRECTLY.
  # yarn lockfile v1
  
  
  jquery@^3.5.1:
    version "3.5.1"
    resolved "https://registry.npm.taobao.org/jquery/download/jquery-3.5.1.tgz#d7b4d08e1bfdb86ad2f1a3d039ea17304717abb5"
    integrity sha1-17TQjhv9uGrS8aPQOeoXMEcXq7U=
